[23:25:01] [main/INFO]: Loading Minecraft 1.21.1 with Fabric Loader 0.16.3
[23:25:01] [main/INFO]: Loading 10 mods:
	- fabricloader 0.16.3
	   \-- mixinextras 0.4.1
	- java 21
	- minecraft 1.21.1
	- voicechat 1.21.1-2.5.27
	   |-- fabric-api-base 0.4.42+6573ed8c6a
	   |-- fabric-command-api-v2 2.2.28+6ced4dd96a
	   |-- fabric-key-binding-api-v1 1.0.47+0af3f5a76a
	   |-- fabric-lifecycle-events-v1 2.3.12+6c1df3606a
	   |-- fabric-networking-api-v1 4.2.2+60c3209b6a
	   \-- fabric-resource-loader-v0 1.3.0+565991296a
[23:25:02] [main/INFO]: SpongePowered MIXIN Subsystem Version=0.8.7 Source=file:/workspaces/vcvcvcvvf/servidor_minecraft/libraries/net/fabricmc/sponge-mixin/0.15.2+mixin.0.8.7/sponge-mixin-0.15.2+mixin.0.8.7.jar Service=Knot/Fabric Env=SERVER
[23:25:02] [main/INFO]: Compatibility level set to JAVA_17
[23:25:04] [main/INFO]: Initializing MixinExtras via com.llamalad7.mixinextras.service.MixinExtrasServiceImpl(version=0.4.1).
[23:25:17] [main/INFO]: [voicechat] Compatibility version 18
[23:25:18] [main/INFO]: [voicechat] Loading plugins
[23:25:18] [main/INFO]: [voicechat] Loaded 0 plugin(s)
[23:25:18] [main/INFO]: [voicechat] Initializing plugins
[23:25:18] [main/INFO]: [voicechat] Initialized 0 plugin(s)
[23:25:18] [main/INFO]: Environment: Environment[sessionHost=https://sessionserver.mojang.com, servicesHost=https://api.minecraftservices.com, name=PROD]
[23:25:22] [main/INFO]: Loaded 1290 recipes
[23:25:23] [main/INFO]: Loaded 1399 advancements
[23:25:24] [Server thread/INFO]: Starting minecraft server version 1.21.1
[23:25:24] [Server thread/INFO]: Loading properties
[23:25:24] [Server thread/INFO]: Default game type: SURVIVAL
[23:25:24] [Server thread/INFO]: Generating keypair
[23:25:24] [Server thread/INFO]: Starting Minecraft server on *:25565
[23:25:24] [Server thread/INFO]: Using epoll channel type
[23:25:24] [Server thread/WARN]: **** SERVER IS RUNNING IN OFFLINE/INSECURE MODE!
[23:25:24] [Server thread/WARN]: The server will make no attempt to authenticate usernames. Beware.
[23:25:24] [Server thread/WARN]: While this makes the game possible to play without internet access, it also opens up the ability for hackers to connect with any username they choose.
[23:25:24] [Server thread/WARN]: To change this, set "online-mode" to "true" in the server.properties file.
[23:25:25] [Server thread/INFO]: Preparing level "world"
[23:25:36] [Server thread/INFO]: Preparing start region for dimension minecraft:overworld
[23:25:37] [Worker-Main-1/INFO]: Preparing spawn area: 0%
[23:25:37] [Worker-Main-1/INFO]: Preparing spawn area: 0%
[23:25:38] [Worker-Main-1/INFO]: Preparing spawn area: 28%
[23:25:38] [Worker-Main-1/INFO]: Preparing spawn area: 28%
[23:25:38] [Worker-Main-1/INFO]: Preparing spawn area: 51%
[23:25:38] [Server thread/INFO]: Time elapsed: 2441 ms
[23:25:38] [Server thread/INFO]: Done (13.944s)! For help, type "help"
[23:25:38] [Server thread/WARN]: [voicechat] Running in offline mode - Voice chat encryption is not secure!
[23:25:39] [VoiceChatServerThread/ERROR]: [voicechat] Failed to bind to address '172.30.124.31', binding to wildcard IP instead
[23:25:39] [VoiceChatServerThread/INFO]: [voicechat] Voice chat server started at 172.30.124.31:24454
[23:31:49] [Server thread/INFO]: Stopping the server
[23:31:49] [Server thread/INFO]: Stopping server
[23:31:49] [Server thread/INFO]: Saving players
[23:31:49] [Server thread/INFO]: Saving worlds
[23:31:49] [Server thread/INFO]: Saving chunks for level 'ServerLevel[world]'/minecraft:overworld
[23:31:49] [Server thread/INFO]: Saving chunks for level 'ServerLevel[world]'/minecraft:the_nether
[23:31:49] [Server thread/INFO]: Saving chunks for level 'ServerLevel[world]'/minecraft:the_end
[23:31:49] [Server thread/INFO]: ThreadedAnvilChunkStorage (world): All chunks are saved
[23:31:49] [Server thread/INFO]: ThreadedAnvilChunkStorage (DIM-1): All chunks are saved
[23:31:49] [Server thread/INFO]: ThreadedAnvilChunkStorage (DIM1): All chunks are saved
[23:31:49] [Server thread/INFO]: ThreadedAnvilChunkStorage: All dimensions are saved
